<?xml version="1.0" encoding="UTF-8"?>
<!-- Generated by org.testng.reporters.JUnitReportReporter -->
<testsuite skipped="0" hostname="DESKTOP-PLJ6NSN" name="SeleniumLearning.ValidateSubTitle2" tests="1" failures="0" timestamp="09 Jan 2019 07:43:57 GMT" time="0.876" errors="0">
  <testcase name="basePageNavigtion2" time="0.876" classname="SeleniumLearning.ValidateSubTitle2"/>
</testsuite> <!-- SeleniumLearning.ValidateSubTitle2 -->
