<?xml version="1.0" encoding="UTF-8"?>
<!-- Generated by org.testng.reporters.JUnitReportReporter -->
<testsuite skipped="0" hostname="DESKTOP-PLJ6NSN" name="SeleniumLearning.ValidateTitle" tests="1" failures="0" timestamp="07 Jan 2019 21:52:23 GMT" time="0.766" errors="0">
  <testcase name="basePageNavigtion" time="0.766" classname="SeleniumLearning.ValidateTitle"/>
</testsuite> <!-- SeleniumLearning.ValidateTitle -->
